<?xml version="1.0" encoding="UTF-8"?>
<testng-results ignored="0" total="1" passed="1" failed="0" skipped="0">
  <reporter-output>
  </reporter-output>
  <suite started-at="2024-05-13T15:22:45 IST" name="Suite" finished-at="2024-05-13T15:22:48 IST" duration-ms="2653">
    <groups>
    </groups>
    <test started-at="2024-05-13T15:22:45 IST" name="Test2" finished-at="2024-05-13T15:22:48 IST" duration-ms="2653">
      <class name="siddharthLearn.tests.ErrorValidations">
        <test-method is-config="true" signature="launchApplication()[pri:0, instance:siddharthLearn.tests.ErrorValidations@5b7a7f33]" started-at="2024-05-13T15:22:45 IST" name="launchApplication" finished-at="2024-05-13T15:22:47 IST" duration-ms="2225" status="PASS">
          <reporter-output>
          </reporter-output>
        </test-method> <!-- launchApplication -->
        <test-method signature="incorrectUser()[pri:0, instance:siddharthLearn.tests.ErrorValidations@5b7a7f33]" started-at="2024-05-13T15:22:47 IST" name="incorrectUser" finished-at="2024-05-13T15:22:48 IST" duration-ms="293" status="PASS">
          <reporter-output>
          </reporter-output>
        </test-method> <!-- incorrectUser -->
        <test-method is-config="true" signature="tearDown()[pri:0, instance:siddharthLearn.tests.ErrorValidations@5b7a7f33]" started-at="2024-05-13T15:22:48 IST" name="tearDown" finished-at="2024-05-13T15:22:48 IST" duration-ms="112" status="PASS">
          <reporter-output>
          </reporter-output>
        </test-method> <!-- tearDown -->
      </class> <!-- siddharthLearn.tests.ErrorValidations -->
    </test> <!-- Test2 -->
  </suite> <!-- Suite -->
</testng-results>
